<?xml version="1.0" encoding="UTF-8"?>
<!-- Generated by org.testng.reporters.JUnitXMLReporter -->
<testsuite ignored="0" hostname="DESKTOP-BNIRTNQ" failures="1" tests="4" name="Test" time="48.585" errors="0" timestamp="2022-11-04T19:32:33 IST">
  <testcase classname="com.saucedemo.TestPack.TC04_VerifyAllProductsAddToCartFunctionality" name="verifyAllProductsAddToCart" time="1.784">
    <failure type="java.lang.AssertionError" message="expected [6] but found [3]">
      <![CDATA[java.lang.AssertionError: expected [6] but found [3]
at com.saucedemo.TestPack.TC04_VerifyAllProductsAddToCartFunctionality.verifyAllProductsAddToCart(TC04_VerifyAllProductsAddToCartFunctionality.java:36)
at java.base/java.util.ArrayList.forEach(ArrayList.java:1511)
... Removed 33 stack frames]]>
    </failure>
  </testcase> <!-- verifyAllProductsAddToCart -->
  <testcase classname="com.saucedemo.TestPack.TC03_Verify_BagProduct_AddToCart_Functionality" name="verifyBagProductAddToCart" time="1.426"/>
  <testcase classname="com.saucedemo.TestPack.TC02_VerifyLogOutFunctionality" name="verifyLogOut" time="1.213"/>
  <testcase classname="com.saucedemo.TestPack.TC01_VerifyLoginFunctionality" name="verifyLogin" time="1.031"/>
</testsuite> <!-- Test -->
